0 info it worked if it ends with ok
1 verbose cli [ '/home/josh/.nvm/versions/node/v0.12.4/bin/node',
1 verbose cli   '/home/josh/.nvm/versions/node/v0.12.4/bin/npm',
1 verbose cli   'install',
1 verbose cli   '../ironworks' ]
2 info using npm@2.10.1
3 info using node@v0.12.4
4 verbose install initial load of /home/josh/dev/iw-test-app/Service/public/package.json
5 warn package.json public@0.0.0 No license field.
6 verbose installManyTop reading scoped package data from /home/josh/dev/iw-test-app/Service/public/node_modules/grunt/package.json
7 verbose installManyTop reading scoped package data from /home/josh/dev/iw-test-app/Service/public/node_modules/grunt-autoprefixer/package.json
8 verbose installManyTop reading scoped package data from /home/josh/dev/iw-test-app/Service/public/node_modules/grunt-concurrent/package.json
9 verbose installManyTop reading scoped package data from /home/josh/dev/iw-test-app/Service/public/node_modules/grunt-contrib-clean/package.json
10 verbose installManyTop reading scoped package data from /home/josh/dev/iw-test-app/Service/public/node_modules/grunt-contrib-compass/package.json
11 verbose installManyTop reading scoped package data from /home/josh/dev/iw-test-app/Service/public/node_modules/grunt-contrib-concat/package.json
12 verbose installManyTop reading scoped package data from /home/josh/dev/iw-test-app/Service/public/node_modules/grunt-contrib-connect/package.json
13 verbose installManyTop reading scoped package data from /home/josh/dev/iw-test-app/Service/public/node_modules/grunt-contrib-copy/package.json
14 verbose installManyTop reading scoped package data from /home/josh/dev/iw-test-app/Service/public/node_modules/grunt-contrib-cssmin/package.json
15 verbose installManyTop reading scoped package data from /home/josh/dev/iw-test-app/Service/public/node_modules/grunt-contrib-htmlmin/package.json
16 verbose installManyTop reading scoped package data from /home/josh/dev/iw-test-app/Service/public/node_modules/grunt-contrib-imagemin/package.json
17 verbose installManyTop reading scoped package data from /home/josh/dev/iw-test-app/Service/public/node_modules/grunt-contrib-jshint/package.json
18 verbose installManyTop reading scoped package data from /home/josh/dev/iw-test-app/Service/public/node_modules/grunt-contrib-uglify/package.json
19 verbose installManyTop reading scoped package data from /home/josh/dev/iw-test-app/Service/public/node_modules/grunt-contrib-watch/package.json
20 verbose installManyTop reading scoped package data from /home/josh/dev/iw-test-app/Service/public/node_modules/grunt-filerev/package.json
21 verbose installManyTop reading scoped package data from /home/josh/dev/iw-test-app/Service/public/node_modules/grunt-google-cdn/package.json
22 verbose installManyTop reading scoped package data from /home/josh/dev/iw-test-app/Service/public/node_modules/grunt-karma/package.json
23 verbose installManyTop reading scoped package data from /home/josh/dev/iw-test-app/Service/public/node_modules/grunt-newer/package.json
24 verbose installManyTop reading scoped package data from /home/josh/dev/iw-test-app/Service/public/node_modules/grunt-ng-annotate/package.json
25 verbose installManyTop reading scoped package data from /home/josh/dev/iw-test-app/Service/public/node_modules/grunt-svgmin/package.json
26 verbose installManyTop reading scoped package data from /home/josh/dev/iw-test-app/Service/public/node_modules/grunt-usemin/package.json
27 verbose installManyTop reading scoped package data from /home/josh/dev/iw-test-app/Service/public/node_modules/grunt-wiredep/package.json
28 verbose installManyTop reading scoped package data from /home/josh/dev/iw-test-app/Service/public/node_modules/jasmine-core/package.json
29 verbose installManyTop reading scoped package data from /home/josh/dev/iw-test-app/Service/public/node_modules/jshint/package.json
30 verbose installManyTop reading scoped package data from /home/josh/dev/iw-test-app/Service/public/node_modules/jshint-stylish/package.json
31 verbose installManyTop reading scoped package data from /home/josh/dev/iw-test-app/Service/public/node_modules/karma/package.json
32 verbose installManyTop reading scoped package data from /home/josh/dev/iw-test-app/Service/public/node_modules/karma-jasmine/package.json
33 verbose installManyTop reading scoped package data from /home/josh/dev/iw-test-app/Service/public/node_modules/karma-phantomjs-launcher/package.json
34 verbose installManyTop reading scoped package data from /home/josh/dev/iw-test-app/Service/public/node_modules/load-grunt-tasks/package.json
35 verbose installManyTop reading scoped package data from /home/josh/dev/iw-test-app/Service/public/node_modules/phantomjs/package.json
36 verbose installManyTop reading scoped package data from /home/josh/dev/iw-test-app/Service/public/node_modules/time-grunt/package.json
37 info package.json grunt@0.4.5 No license field.
38 info package.json grunt-contrib-clean@0.6.0 No license field.
39 info package.json grunt-contrib-compass@1.0.3 No license field.
40 info package.json grunt-contrib-concat@0.5.1 No license field.
41 info package.json grunt-contrib-connect@0.9.0 No license field.
42 info package.json grunt-contrib-copy@0.7.0 No license field.
43 info package.json grunt-contrib-cssmin@0.12.3 No license field.
44 info package.json grunt-contrib-htmlmin@0.4.0 No license field.
45 info package.json grunt-contrib-imagemin@0.9.4 No license field.
46 info package.json grunt-contrib-jshint@0.11.2 No license field.
47 info package.json grunt-contrib-uglify@0.7.0 No license field.
48 info package.json grunt-contrib-watch@0.6.1 No license field.
49 info package.json grunt-filerev@2.3.1 license should be a valid SPDX license expression
50 info package.json grunt-google-cdn@0.4.3 license should be a valid SPDX license expression
51 info package.json grunt-svgmin@2.0.1 No license field.
52 info package.json grunt-wiredep@2.0.0 No license field.
53 info package.json phantomjs@1.9.17 No license field.
54 verbose readDependencies loading dependencies from /home/josh/dev/iw-test-app/Service/public/package.json
55 silly cache add args [ '../ironworks', null ]
56 verbose cache add spec ../ironworks
57 silly cache add parsed spec { raw: '../ironworks',
57 silly cache add   scope: null,
57 silly cache add   name: null,
57 silly cache add   rawSpec: '../ironworks',
57 silly cache add   spec: '/home/josh/dev/iw-test-app/Service/ironworks',
57 silly cache add   type: 'local' }
58 error addLocal Could not install /home/josh/dev/iw-test-app/Service/ironworks
59 verbose stack Error: ENOENT, open '/home/josh/dev/iw-test-app/Service/ironworks'
59 verbose stack     at Error (native)
60 verbose cwd /home/josh/dev/iw-test-app/Service/public
61 error Linux 3.14.0
62 error argv "/home/josh/.nvm/versions/node/v0.12.4/bin/node" "/home/josh/.nvm/versions/node/v0.12.4/bin/npm" "install" "../ironworks"
63 error node v0.12.4
64 error npm  v2.10.1
65 error path /home/josh/dev/iw-test-app/Service/ironworks
66 error code ENOENT
67 error errno -2
68 error enoent ENOENT, open '/home/josh/dev/iw-test-app/Service/ironworks'
68 error enoent This is most likely not a problem with npm itself
68 error enoent and is related to npm not being able to find a file.
69 verbose exit [ -2, true ]
